{"/home/travis/build/npmtest/node-npmtest-eslint-config-airbnb-base/test.js":{"path":"/home/travis/build/npmtest/node-npmtest-eslint-config-airbnb-base/test.js","s":{"1":2,"2":2,"3":2,"4":2,"5":2,"6":2,"7":2,"8":1,"9":2,"10":2,"11":1,"12":1,"13":1,"14":1,"15":2,"16":2,"17":2,"18":2,"19":1,"20":1,"21":2,"22":2,"23":2,"24":1,"25":1,"26":1,"27":1,"28":1,"29":1,"30":1,"31":1,"32":1,"33":1,"34":1,"35":1,"36":1,"37":1,"38":1,"39":2,"40":2,"41":1,"42":2,"43":2,"44":1,"45":2,"46":2,"47":1,"48":2,"49":2,"50":1,"51":1,"52":1,"53":1,"54":1},"b":{"1":[2,1,1,1],"2":[1,1,1,1],"3":[1,1],"4":[1,1],"5":[1,1],"6":[1,1],"7":[1,1],"8":[1,1],"9":[1,1],"10":[1,1,1],"11":[1,1],"12":[1,1],"13":[1,1],"14":[1,1],"15":[1,1],"16":[1,1],"17":[1,1]},"f":{"1":2,"2":2,"3":2,"4":2,"5":2,"6":1,"7":1,"8":1,"9":2,"10":2,"11":2,"12":2,"13":1},"fnMap":{"1":{"name":"(anonymous_1)","line":12,"loc":{"start":{"line":12,"column":1},"end":{"line":12,"column":13}}},"2":{"name":"(anonymous_2)","line":19,"loc":{"start":{"line":19,"column":5},"end":{"line":19,"column":17}}},"3":{"name":"(anonymous_3)","line":23,"loc":{"start":{"line":23,"column":24},"end":{"line":23,"column":36}}},"4":{"name":"(anonymous_4)","line":61,"loc":{"start":{"line":61,"column":5},"end":{"line":61,"column":17}}},"5":{"name":"(anonymous_5)","line":82,"loc":{"start":{"line":82,"column":5},"end":{"line":82,"column":17}}},"6":{"name":"(anonymous_6)","line":91,"loc":{"start":{"line":91,"column":77},"end":{"line":94,"column":10}}},"7":{"name":"(anonymous_7)","line":112,"loc":{"start":{"line":112,"column":83},"end":{"line":115,"column":10}},"skip":true},"8":{"name":"(anonymous_8)","line":123,"loc":{"start":{"line":123,"column":77},"end":{"line":126,"column":10}},"skip":true},"9":{"name":"(anonymous_9)","line":139,"loc":{"start":{"line":139,"column":12},"end":{"line":139,"column":40}},"skip":true},"10":{"name":"(anonymous_10)","line":147,"loc":{"start":{"line":147,"column":77},"end":{"line":150,"column":10}},"skip":true},"11":{"name":"(anonymous_11)","line":158,"loc":{"start":{"line":158,"column":83},"end":{"line":161,"column":10}},"skip":true},"12":{"name":"(anonymous_12)","line":169,"loc":{"start":{"line":169,"column":79},"end":{"line":172,"column":10}},"skip":true},"13":{"name":"(anonymous_13)","line":180,"loc":{"start":{"line":180,"column":75},"end":{"line":183,"column":10}},"skip":true}},"statementMap":{"1":{"start":{"line":12,"column":0},"end":{"line":195,"column":5}},"2":{"start":{"line":14,"column":4},"end":{"line":14,"column":14}},"3":{"start":{"line":19,"column":4},"end":{"line":56,"column":9}},"4":{"start":{"line":21,"column":8},"end":{"line":21,"column":19}},"5":{"start":{"line":23,"column":8},"end":{"line":35,"column":13}},"6":{"start":{"line":24,"column":12},"end":{"line":34,"column":13}},"7":{"start":{"line":25,"column":16},"end":{"line":28,"column":30}},"8":{"start":{"line":30,"column":16},"end":{"line":33,"column":27}},"9":{"start":{"line":37,"column":8},"end":{"line":39,"column":21}},"10":{"start":{"line":40,"column":8},"end":{"line":53,"column":9}},"11":{"start":{"line":43,"column":12},"end":{"line":46,"column":14}},"12":{"start":{"line":47,"column":12},"end":{"line":47,"column":18}},"13":{"start":{"line":50,"column":12},"end":{"line":51,"column":33}},"14":{"start":{"line":52,"column":12},"end":{"line":52,"column":18}},"15":{"start":{"line":55,"column":8},"end":{"line":55,"column":35}},"16":{"start":{"line":61,"column":4},"end":{"line":63,"column":9}},"17":{"start":{"line":62,"column":8},"end":{"line":62,"column":15}},"18":{"start":{"line":64,"column":4},"end":{"line":77,"column":5}},"19":{"start":{"line":70,"column":8},"end":{"line":70,"column":14}},"20":{"start":{"line":76,"column":8},"end":{"line":76,"column":14}},"21":{"start":{"line":82,"column":4},"end":{"line":84,"column":9}},"22":{"start":{"line":83,"column":8},"end":{"line":83,"column":15}},"23":{"start":{"line":85,"column":4},"end":{"line":194,"column":5}},"24":{"start":{"line":91,"column":8},"end":{"line":99,"column":10}},"25":{"start":{"line":98,"column":12},"end":{"line":98,"column":35}},"26":{"start":{"line":102,"column":8},"end":{"line":104,"column":63}},"27":{"start":{"line":105,"column":8},"end":{"line":105,"column":14}},"28":{"start":{"line":112,"column":8},"end":{"line":121,"column":10},"skip":true},"29":{"start":{"line":119,"column":12},"end":{"line":119,"column":55},"skip":true},"30":{"start":{"line":120,"column":12},"end":{"line":120,"column":48},"skip":true},"31":{"start":{"line":123,"column":8},"end":{"line":136,"column":10},"skip":true},"32":{"start":{"line":130,"column":12},"end":{"line":130,"column":76},"skip":true},"33":{"start":{"line":131,"column":12},"end":{"line":131,"column":73},"skip":true},"34":{"start":{"line":132,"column":12},"end":{"line":132,"column":74},"skip":true},"35":{"start":{"line":133,"column":12},"end":{"line":133,"column":79},"skip":true},"36":{"start":{"line":134,"column":12},"end":{"line":134,"column":25},"skip":true},"37":{"start":{"line":135,"column":12},"end":{"line":135,"column":45},"skip":true},"38":{"start":{"line":138,"column":8},"end":{"line":145,"column":14},"skip":true},"39":{"start":{"line":143,"column":16},"end":{"line":143,"column":29},"skip":true},"40":{"start":{"line":144,"column":16},"end":{"line":144,"column":55},"skip":true},"41":{"start":{"line":147,"column":8},"end":{"line":156,"column":10},"skip":true},"42":{"start":{"line":154,"column":12},"end":{"line":154,"column":25},"skip":true},"43":{"start":{"line":155,"column":12},"end":{"line":155,"column":45},"skip":true},"44":{"start":{"line":158,"column":8},"end":{"line":167,"column":10},"skip":true},"45":{"start":{"line":165,"column":12},"end":{"line":165,"column":25},"skip":true},"46":{"start":{"line":166,"column":12},"end":{"line":166,"column":48},"skip":true},"47":{"start":{"line":169,"column":8},"end":{"line":178,"column":10},"skip":true},"48":{"start":{"line":176,"column":12},"end":{"line":176,"column":25},"skip":true},"49":{"start":{"line":177,"column":12},"end":{"line":177,"column":46},"skip":true},"50":{"start":{"line":180,"column":8},"end":{"line":189,"column":10},"skip":true},"51":{"start":{"line":187,"column":12},"end":{"line":187,"column":94},"skip":true},"52":{"start":{"line":188,"column":12},"end":{"line":188,"column":48},"skip":true},"53":{"start":{"line":192,"column":8},"end":{"line":192,"column":35},"skip":true},"54":{"start":{"line":193,"column":8},"end":{"line":193,"column":14},"skip":true}},"branchMap":{"1":{"line":25,"type":"binary-expr","locations":[{"start":{"line":25,"column":23},"end":{"line":25,"column":62}},{"start":{"line":26,"column":20},"end":{"line":26,"column":70}},{"start":{"line":27,"column":20},"end":{"line":27,"column":71}},{"start":{"line":28,"column":20},"end":{"line":28,"column":29}}]},"2":{"line":30,"type":"binary-expr","locations":[{"start":{"line":30,"column":23},"end":{"line":30,"column":37}},{"start":{"line":31,"column":20},"end":{"line":31,"column":61}},{"start":{"line":32,"column":20},"end":{"line":32,"column":70}},{"start":{"line":33,"column":20},"end":{"line":33,"column":26}}]},"3":{"line":37,"type":"cond-expr","locations":[{"start":{"line":38,"column":14},"end":{"line":38,"column":20}},{"start":{"line":39,"column":14},"end":{"line":39,"column":20}}]},"4":{"line":40,"type":"switch","locations":[{"start":{"line":42,"column":8},"end":{"line":47,"column":18}},{"start":{"line":49,"column":8},"end":{"line":52,"column":18}}]},"5":{"line":44,"type":"binary-expr","locations":[{"start":{"line":44,"column":16},"end":{"line":44,"column":44}},{"start":{"line":44,"column":48},"end":{"line":44,"column":66}}]},"6":{"line":50,"type":"binary-expr","locations":[{"start":{"line":50,"column":21},"end":{"line":50,"column":49}},{"start":{"line":50,"column":53},"end":{"line":50,"column":72}}]},"7":{"line":64,"type":"switch","locations":[{"start":{"line":69,"column":4},"end":{"line":70,"column":14}},{"start":{"line":75,"column":4},"end":{"line":76,"column":14}}]},"8":{"line":85,"type":"switch","locations":[{"start":{"line":90,"column":4},"end":{"line":105,"column":14}},{"start":{"line":111,"column":4},"end":{"line":193,"column":14},"skip":true}]},"9":{"line":91,"type":"binary-expr","locations":[{"start":{"line":91,"column":42},"end":{"line":91,"column":73}},{"start":{"line":91,"column":77},"end":{"line":99,"column":9}}]},"10":{"line":102,"type":"binary-expr","locations":[{"start":{"line":102,"column":18},"end":{"line":102,"column":32}},{"start":{"line":103,"column":12},"end":{"line":103,"column":53}},{"start":{"line":104,"column":12},"end":{"line":104,"column":61}}]},"11":{"line":112,"type":"binary-expr","locations":[{"start":{"line":112,"column":45},"end":{"line":112,"column":79},"skip":true},{"start":{"line":112,"column":83},"end":{"line":121,"column":9},"skip":true}]},"12":{"line":123,"type":"binary-expr","locations":[{"start":{"line":123,"column":42},"end":{"line":123,"column":73},"skip":true},{"start":{"line":123,"column":77},"end":{"line":136,"column":9},"skip":true}]},"13":{"line":138,"type":"binary-expr","locations":[{"start":{"line":138,"column":48},"end":{"line":138,"column":85},"skip":true},{"start":{"line":139,"column":12},"end":{"line":145,"column":13},"skip":true}]},"14":{"line":147,"type":"binary-expr","locations":[{"start":{"line":147,"column":42},"end":{"line":147,"column":73},"skip":true},{"start":{"line":147,"column":77},"end":{"line":156,"column":9},"skip":true}]},"15":{"line":158,"type":"binary-expr","locations":[{"start":{"line":158,"column":45},"end":{"line":158,"column":79},"skip":true},{"start":{"line":158,"column":83},"end":{"line":167,"column":9},"skip":true}]},"16":{"line":169,"type":"binary-expr","locations":[{"start":{"line":169,"column":43},"end":{"line":169,"column":75},"skip":true},{"start":{"line":169,"column":79},"end":{"line":178,"column":9},"skip":true}]},"17":{"line":180,"type":"binary-expr","locations":[{"start":{"line":180,"column":41},"end":{"line":180,"column":71},"skip":true},{"start":{"line":180,"column":75},"end":{"line":189,"column":9},"skip":true}]}},"code":["/* istanbul instrument in package npmtest_eslint_config_airbnb_base */","/*jslint","    bitwise: true,","    browser: true,","    maxerr: 8,","    maxlen: 96,","    node: true,","    nomen: true,","    regexp: true,","    stupid: true","*/","(function () {","    'use strict';","    var local;","","","","    // run shared js-env code - init-before","    (function () {","        // init local","        local = {};","        // init modeJs","        local.modeJs = (function () {","            try {","                return typeof navigator.userAgent === 'string' &&","                    typeof document.querySelector('body') === 'object' &&","                    typeof XMLHttpRequest.prototype.open === 'function' &&","                    'browser';","            } catch (errorCaughtBrowser) {","                return module.exports &&","                    typeof process.versions.node === 'string' &&","                    typeof require('http').createServer === 'function' &&","                    'node';","            }","        }());","        // init global","        local.global = local.modeJs === 'browser'","            ? window","            : global;","        switch (local.modeJs) {","        // re-init local from window.local","        case 'browser':","            local = local.global.utility2.objectSetDefault(","                local.global.utility2_rollup || local.global.local,","                local.global.utility2","            );","            break;","        // re-init local from example.js","        case 'node':","            local = (local.global.utility2_rollup || require('utility2'))","                .requireReadme();","            break;","        }","        // export local","        local.global.local = local;","    }());","","","","    // run shared js-env code - function","    (function () {","        return;","    }());","    switch (local.modeJs) {","","","","    // run browser js-env code - function","    case 'browser':","        break;","","","","    // run node js-env code - function","    case 'node':","        break;","    }","","","","    // run shared js-env code - init-after","    (function () {","        return;","    }());","    switch (local.modeJs) {","","","","    // run browser js-env code - init-after","    case 'browser':","        local.testCase_browser_nullCase = local.testCase_browser_nullCase || function (","            options,","            onError","        ) {","        /*","         * this function will test browsers's null-case handling-behavior-behavior","         */","            onError(null, options);","        };","","        // run tests","        local.nop(local.modeTest &&","            document.querySelector('#testRunButton1') &&","            document.querySelector('#testRunButton1').click());","        break;","","","","    // run node js-env code - init-after","    /* istanbul ignore next */","    case 'node':","        local.testCase_buildApidoc_default = local.testCase_buildApidoc_default || function (","            options,","            onError","        ) {","        /*","         * this function will test buildApidoc's default handling-behavior-behavior","         */","            options = { modulePathList: module.paths };","            local.buildApidoc(options, onError);","        };","","        local.testCase_buildApp_default = local.testCase_buildApp_default || function (","            options,","            onError","        ) {","        /*","         * this function will test buildApp's default handling-behavior-behavior","         */","            local.testCase_buildReadme_default(options, local.onErrorThrow);","            local.testCase_buildLib_default(options, local.onErrorThrow);","            local.testCase_buildTest_default(options, local.onErrorThrow);","            local.testCase_buildCustomOrg_default(options, local.onErrorThrow);","            options = [];","            local.buildApp(options, onError);","        };","","        local.testCase_buildCustomOrg_default = local.testCase_buildCustomOrg_default ||","            function (options, onError) {","            /*","             * this function will test buildCustomOrg's default handling-behavior","             */","                options = {};","                local.buildCustomOrg(options, onError);","            };","","        local.testCase_buildLib_default = local.testCase_buildLib_default || function (","            options,","            onError","        ) {","        /*","         * this function will test buildLib's default handling-behavior","         */","            options = {};","            local.buildLib(options, onError);","        };","","        local.testCase_buildReadme_default = local.testCase_buildReadme_default || function (","            options,","            onError","        ) {","        /*","         * this function will test buildReadme's default handling-behavior-behavior","         */","            options = {};","            local.buildReadme(options, onError);","        };","","        local.testCase_buildTest_default = local.testCase_buildTest_default || function (","            options,","            onError","        ) {","        /*","         * this function will test buildTest's default handling-behavior","         */","            options = {};","            local.buildTest(options, onError);","        };","","        local.testCase_webpage_default = local.testCase_webpage_default || function (","            options,","            onError","        ) {","        /*","         * this function will test webpage's default handling-behavior","         */","            options = { modeCoverageMerge: true, url: local.serverLocalHost + '?modeTest=1' };","            local.browserTest(options, onError);","        };","","        // run test-server","        local.testRunServer(local);","        break;","    }","}());",""],"l":{"12":2,"14":2,"19":2,"21":2,"23":2,"24":2,"25":2,"30":1,"37":2,"40":2,"43":1,"47":1,"50":1,"52":1,"55":2,"61":2,"62":2,"64":2,"70":1,"76":1,"82":2,"83":2,"85":2,"91":1,"98":1,"102":1,"105":1,"112":1,"119":1,"120":1,"123":1,"130":1,"131":1,"132":1,"133":1,"134":1,"135":1,"138":1,"143":2,"144":2,"147":1,"154":2,"155":2,"158":1,"165":2,"166":2,"169":1,"176":2,"177":2,"180":1,"187":1,"188":1,"192":1,"193":1}},"/home/travis/build/npmtest/node-npmtest-eslint-config-airbnb-base/lib.npmtest_eslint_config_airbnb_base.js":{"path":"/home/travis/build/npmtest/node-npmtest-eslint-config-airbnb-base/lib.npmtest_eslint_config_airbnb_base.js","s":{"1":2,"2":2,"3":2,"4":2,"5":2,"6":2,"7":2,"8":1,"9":2,"10":2,"11":2,"12":2,"13":1,"14":1,"15":1,"16":1},"b":{"1":[2,1,1,1],"2":[1,1,1,1],"3":[1,1],"4":[2,2],"5":[1,1]},"f":{"1":2,"2":2,"3":2},"fnMap":{"1":{"name":"(anonymous_1)","line":12,"loc":{"start":{"line":12,"column":1},"end":{"line":12,"column":13}}},"2":{"name":"(anonymous_2)","line":19,"loc":{"start":{"line":19,"column":5},"end":{"line":19,"column":17}}},"3":{"name":"(anonymous_3)","line":23,"loc":{"start":{"line":23,"column":24},"end":{"line":23,"column":36}}}},"statementMap":{"1":{"start":{"line":12,"column":0},"end":{"line":53,"column":5}},"2":{"start":{"line":14,"column":4},"end":{"line":14,"column":14}},"3":{"start":{"line":19,"column":4},"end":{"line":52,"column":9}},"4":{"start":{"line":21,"column":8},"end":{"line":21,"column":19}},"5":{"start":{"line":23,"column":8},"end":{"line":35,"column":13}},"6":{"start":{"line":24,"column":12},"end":{"line":34,"column":13}},"7":{"start":{"line":25,"column":16},"end":{"line":28,"column":30}},"8":{"start":{"line":30,"column":16},"end":{"line":33,"column":27}},"9":{"start":{"line":37,"column":8},"end":{"line":39,"column":21}},"10":{"start":{"line":41,"column":8},"end":{"line":41,"column":54}},"11":{"start":{"line":43,"column":8},"end":{"line":43,"column":70}},"12":{"start":{"line":45,"column":8},"end":{"line":51,"column":9}},"13":{"start":{"line":46,"column":12},"end":{"line":46,"column":76}},"14":{"start":{"line":48,"column":12},"end":{"line":48,"column":35}},"15":{"start":{"line":49,"column":12},"end":{"line":49,"column":49}},"16":{"start":{"line":50,"column":12},"end":{"line":50,"column":43}}},"branchMap":{"1":{"line":25,"type":"binary-expr","locations":[{"start":{"line":25,"column":23},"end":{"line":25,"column":62}},{"start":{"line":26,"column":20},"end":{"line":26,"column":70}},{"start":{"line":27,"column":20},"end":{"line":27,"column":71}},{"start":{"line":28,"column":20},"end":{"line":28,"column":29}}]},"2":{"line":30,"type":"binary-expr","locations":[{"start":{"line":30,"column":23},"end":{"line":30,"column":37}},{"start":{"line":31,"column":20},"end":{"line":31,"column":61}},{"start":{"line":32,"column":20},"end":{"line":32,"column":70}},{"start":{"line":33,"column":20},"end":{"line":33,"column":26}}]},"3":{"line":37,"type":"cond-expr","locations":[{"start":{"line":38,"column":14},"end":{"line":38,"column":20}},{"start":{"line":39,"column":14},"end":{"line":39,"column":20}}]},"4":{"line":41,"type":"binary-expr","locations":[{"start":{"line":41,"column":16},"end":{"line":41,"column":44}},{"start":{"line":41,"column":48},"end":{"line":41,"column":53}}]},"5":{"line":45,"type":"if","locations":[{"start":{"line":45,"column":8},"end":{"line":45,"column":8}},{"start":{"line":45,"column":8},"end":{"line":45,"column":8}}]}},"code":["/* istanbul instrument in package npmtest_eslint_config_airbnb_base */","/*jslint","    bitwise: true,","    browser: true,","    maxerr: 8,","    maxlen: 96,","    node: true,","    nomen: true,","    regexp: true,","    stupid: true","*/","(function () {","    'use strict';","    var local;","","","","    // run shared js-env code - init-before","    (function () {","        // init local","        local = {};","        // init modeJs","        local.modeJs = (function () {","            try {","                return typeof navigator.userAgent === 'string' &&","                    typeof document.querySelector('body') === 'object' &&","                    typeof XMLHttpRequest.prototype.open === 'function' &&","                    'browser';","            } catch (errorCaughtBrowser) {","                return module.exports &&","                    typeof process.versions.node === 'string' &&","                    typeof require('http').createServer === 'function' &&","                    'node';","            }","        }());","        // init global","        local.global = local.modeJs === 'browser'","            ? window","            : global;","        // init utility2_rollup","        local = local.global.utility2_rollup || local;","        // init lib","        local.local = local.npmtest_eslint_config_airbnb_base = local;","        // init exports","        if (local.modeJs === 'browser') {","            local.global.utility2_npmtest_eslint_config_airbnb_base = local;","        } else {","            module.exports = local;","            module.exports.__dirname = __dirname;","            module.exports.module = module;","        }","    }());","}());",""],"l":{"12":2,"14":2,"19":2,"21":2,"23":2,"24":2,"25":2,"30":1,"37":2,"41":2,"43":2,"45":2,"46":1,"48":1,"49":1,"50":1}},"/home/travis/build/npmtest/node-npmtest-eslint-config-airbnb-base/example.js":{"path":"/home/travis/build/npmtest/node-npmtest-eslint-config-airbnb-base/example.js","s":{"1":2,"2":2,"3":2,"4":2,"5":2,"6":2,"7":2,"8":1,"9":2,"10":2,"11":2,"12":2,"13":1,"14":2,"15":2,"16":2,"17":2,"18":2,"19":0,"20":2,"21":1,"22":1,"23":1,"24":1,"25":1,"26":0,"27":0,"28":1,"29":1,"30":2,"31":0,"32":0,"33":0,"34":1,"35":2,"36":2,"37":3,"38":3,"39":3,"40":3,"41":0,"42":3,"43":3,"44":3,"45":1,"46":3,"47":1,"48":1,"49":1,"50":1,"51":1,"52":1,"53":1,"54":1,"55":1,"56":1,"57":0,"58":1,"59":6,"60":6,"61":1,"62":2,"63":0,"64":2,"65":1,"66":1,"67":0,"68":0,"69":0,"70":0,"71":0,"72":0,"73":0,"74":0,"75":0,"76":0,"77":0,"78":0,"79":0,"80":0,"81":0,"82":0,"83":0},"b":{"1":[2,1,1,1],"2":[1,1,1,1],"3":[1,1],"4":[2,2],"5":[1,1],"6":[1,1],"7":[2,0],"8":[2,1,1,1,1,1],"9":[0,2,0],"10":[1,1],"11":[2,1,1],"12":[1,0],"13":[0,2],"14":[2,0,0,0,0,0,0],"15":[0,3],"16":[3,0],"17":[1,1],"18":[0,1],"19":[1,2,0,2],"20":[1,0],"21":[1,1],"22":[0,0],"23":[0,0],"24":[0,0],"25":[0,0],"26":[0,0],"27":[0,0],"28":[0,0]},"f":{"1":2,"2":2,"3":2,"4":2,"5":2,"6":2,"7":3,"8":3,"9":3,"10":1,"11":6,"12":0},"fnMap":{"1":{"name":"(anonymous_1)","line":26,"loc":{"start":{"line":26,"column":1},"end":{"line":26,"column":13}}},"2":{"name":"(anonymous_2)","line":33,"loc":{"start":{"line":33,"column":5},"end":{"line":33,"column":17}}},"3":{"name":"(anonymous_3)","line":37,"loc":{"start":{"line":37,"column":24},"end":{"line":37,"column":36}}},"4":{"name":"(anonymous_4)","line":69,"loc":{"start":{"line":69,"column":31},"end":{"line":69,"column":48}},"skip":true},"5":{"name":"(anonymous_5)","line":78,"loc":{"start":{"line":78,"column":26},"end":{"line":78,"column":45}},"skip":true},"6":{"name":"(anonymous_6)","line":123,"loc":{"start":{"line":123,"column":33},"end":{"line":123,"column":48}},"skip":true},"7":{"name":"(anonymous_7)","line":125,"loc":{"start":{"line":125,"column":27},"end":{"line":125,"column":39}},"skip":true},"8":{"name":"(anonymous_8)","line":133,"loc":{"start":{"line":133,"column":59},"end":{"line":133,"column":74}},"skip":true},"9":{"name":"(anonymous_9)","line":143,"loc":{"start":{"line":143,"column":45},"end":{"line":143,"column":62}},"skip":true},"10":{"name":"(anonymous_10)","line":144,"loc":{"start":{"line":144,"column":73},"end":{"line":144,"column":92}},"skip":true},"11":{"name":"(anonymous_11)","line":272,"loc":{"start":{"line":272,"column":51},"end":{"line":272,"column":77}},"skip":true},"12":{"name":"(anonymous_12)","line":315,"loc":{"start":{"line":315,"column":32},"end":{"line":315,"column":61}},"skip":true}},"statementMap":{"1":{"start":{"line":26,"column":0},"end":{"line":326,"column":5}},"2":{"start":{"line":28,"column":4},"end":{"line":28,"column":14}},"3":{"start":{"line":33,"column":4},"end":{"line":60,"column":9}},"4":{"start":{"line":35,"column":8},"end":{"line":35,"column":19}},"5":{"start":{"line":37,"column":8},"end":{"line":49,"column":13}},"6":{"start":{"line":38,"column":12},"end":{"line":48,"column":13}},"7":{"start":{"line":39,"column":16},"end":{"line":42,"column":30}},"8":{"start":{"line":44,"column":16},"end":{"line":47,"column":27}},"9":{"start":{"line":51,"column":8},"end":{"line":53,"column":21}},"10":{"start":{"line":55,"column":8},"end":{"line":57,"column":45}},"11":{"start":{"line":59,"column":8},"end":{"line":59,"column":35}},"12":{"start":{"line":61,"column":4},"end":{"line":325,"column":5}},"13":{"start":{"line":69,"column":8},"end":{"line":121,"column":10},"skip":true},"14":{"start":{"line":70,"column":12},"end":{"line":88,"column":13},"skip":true},"15":{"start":{"line":76,"column":16},"end":{"line":87,"column":19},"skip":true},"16":{"start":{"line":79,"column":20},"end":{"line":86,"column":21},"skip":true},"17":{"start":{"line":82,"column":24},"end":{"line":82,"column":43},"skip":true},"18":{"start":{"line":83,"column":24},"end":{"line":83,"column":30},"skip":true},"19":{"start":{"line":85,"column":24},"end":{"line":85,"column":49},"skip":true},"20":{"start":{"line":89,"column":12},"end":{"line":107,"column":13},"skip":true},"21":{"start":{"line":92,"column":16},"end":{"line":102,"column":17},"skip":true},"22":{"start":{"line":93,"column":20},"end":{"line":93,"column":86},"skip":true},"23":{"start":{"line":94,"column":20},"end":{"line":95,"column":45},"skip":true},"24":{"start":{"line":96,"column":20},"end":{"line":96,"column":42},"skip":true},"25":{"start":{"line":97,"column":20},"end":{"line":97,"column":48},"skip":true},"26":{"start":{"line":100,"column":20},"end":{"line":100,"column":85},"skip":true},"27":{"start":{"line":101,"column":20},"end":{"line":101,"column":96},"skip":true},"28":{"start":{"line":103,"column":16},"end":{"line":103,"column":22},"skip":true},"29":{"start":{"line":106,"column":16},"end":{"line":106,"column":22},"skip":true},"30":{"start":{"line":108,"column":12},"end":{"line":120,"column":13},"skip":true},"31":{"start":{"line":114,"column":16},"end":{"line":119,"column":17},"skip":true},"32":{"start":{"line":116,"column":20},"end":{"line":116,"column":78},"skip":true},"33":{"start":{"line":118,"column":20},"end":{"line":118,"column":47},"skip":true},"34":{"start":{"line":123,"column":8},"end":{"line":141,"column":11},"skip":true},"35":{"start":{"line":124,"column":12},"end":{"line":124,"column":54},"skip":true},"36":{"start":{"line":125,"column":12},"end":{"line":140,"column":14},"skip":true},"37":{"start":{"line":126,"column":16},"end":{"line":126,"column":28},"skip":true},"38":{"start":{"line":127,"column":16},"end":{"line":127,"column":69},"skip":true},"39":{"start":{"line":128,"column":16},"end":{"line":128,"column":75},"skip":true},"40":{"start":{"line":129,"column":16},"end":{"line":131,"column":17},"skip":true},"41":{"start":{"line":130,"column":20},"end":{"line":130,"column":27},"skip":true},"42":{"start":{"line":133,"column":16},"end":{"line":137,"column":36},"skip":true},"43":{"start":{"line":134,"column":20},"end":{"line":136,"column":55},"skip":true},"44":{"start":{"line":139,"column":16},"end":{"line":139,"column":57},"skip":true},"45":{"start":{"line":143,"column":8},"end":{"line":147,"column":11},"skip":true},"46":{"start":{"line":144,"column":12},"end":{"line":146,"column":15},"skip":true},"47":{"start":{"line":145,"column":16},"end":{"line":145,"column":70},"skip":true},"48":{"start":{"line":149,"column":8},"end":{"line":149,"column":31},"skip":true},"49":{"start":{"line":150,"column":8},"end":{"line":150,"column":14},"skip":true},"50":{"start":{"line":158,"column":8},"end":{"line":158,"column":31},"skip":true},"51":{"start":{"line":160,"column":8},"end":{"line":160,"column":33},"skip":true},"52":{"start":{"line":161,"column":8},"end":{"line":161,"column":37},"skip":true},"53":{"start":{"line":162,"column":8},"end":{"line":162,"column":35},"skip":true},"54":{"start":{"line":164,"column":8},"end":{"line":164,"column":50},"skip":true},"55":{"start":{"line":166,"column":8},"end":{"line":256,"column":2},"skip":true},"56":{"start":{"line":258,"column":8},"end":{"line":286,"column":9},"skip":true},"57":{"start":{"line":259,"column":12},"end":{"line":269,"column":14},"skip":true},"58":{"start":{"line":271,"column":12},"end":{"line":285,"column":19},"skip":true},"59":{"start":{"line":274,"column":20},"end":{"line":274,"column":35},"skip":true},"60":{"start":{"line":275,"column":20},"end":{"line":284,"column":21},"skip":true},"61":{"start":{"line":277,"column":24},"end":{"line":277,"column":64},"skip":true},"62":{"start":{"line":279,"column":24},"end":{"line":279,"column":40},"skip":true},"63":{"start":{"line":281,"column":24},"end":{"line":281,"column":40},"skip":true},"64":{"start":{"line":283,"column":24},"end":{"line":283,"column":39},"skip":true},"65":{"start":{"line":288,"column":8},"end":{"line":290,"column":9},"skip":true},"66":{"start":{"line":289,"column":12},"end":{"line":289,"column":18},"skip":true},"67":{"start":{"line":291,"column":8},"end":{"line":293,"column":54},"skip":true},"68":{"start":{"line":296,"column":8},"end":{"line":301,"column":37},"skip":true},"69":{"start":{"line":303,"column":8},"end":{"line":303,"column":82},"skip":true},"70":{"start":{"line":306,"column":8},"end":{"line":308,"column":9},"skip":true},"71":{"start":{"line":307,"column":12},"end":{"line":307,"column":82},"skip":true},"72":{"start":{"line":310,"column":8},"end":{"line":312,"column":9},"skip":true},"73":{"start":{"line":311,"column":12},"end":{"line":311,"column":18},"skip":true},"74":{"start":{"line":313,"column":8},"end":{"line":313,"column":54},"skip":true},"75":{"start":{"line":314,"column":8},"end":{"line":314,"column":69},"skip":true},"76":{"start":{"line":315,"column":8},"end":{"line":323,"column":36},"skip":true},"77":{"start":{"line":316,"column":12},"end":{"line":316,"column":61},"skip":true},"78":{"start":{"line":317,"column":12},"end":{"line":320,"column":13},"skip":true},"79":{"start":{"line":318,"column":16},"end":{"line":318,"column":75},"skip":true},"80":{"start":{"line":319,"column":16},"end":{"line":319,"column":23},"skip":true},"81":{"start":{"line":321,"column":12},"end":{"line":321,"column":38},"skip":true},"82":{"start":{"line":322,"column":12},"end":{"line":322,"column":27},"skip":true},"83":{"start":{"line":324,"column":8},"end":{"line":324,"column":14},"skip":true}},"branchMap":{"1":{"line":39,"type":"binary-expr","locations":[{"start":{"line":39,"column":23},"end":{"line":39,"column":62}},{"start":{"line":40,"column":20},"end":{"line":40,"column":70}},{"start":{"line":41,"column":20},"end":{"line":41,"column":71}},{"start":{"line":42,"column":20},"end":{"line":42,"column":29}}]},"2":{"line":44,"type":"binary-expr","locations":[{"start":{"line":44,"column":23},"end":{"line":44,"column":37}},{"start":{"line":45,"column":20},"end":{"line":45,"column":61}},{"start":{"line":46,"column":20},"end":{"line":46,"column":70}},{"start":{"line":47,"column":20},"end":{"line":47,"column":26}}]},"3":{"line":51,"type":"cond-expr","locations":[{"start":{"line":52,"column":14},"end":{"line":52,"column":20}},{"start":{"line":53,"column":14},"end":{"line":53,"column":20}}]},"4":{"line":55,"type":"binary-expr","locations":[{"start":{"line":55,"column":16},"end":{"line":55,"column":44}},{"start":{"line":55,"column":49},"end":{"line":57,"column":43}}]},"5":{"line":55,"type":"cond-expr","locations":[{"start":{"line":56,"column":14},"end":{"line":56,"column":69}},{"start":{"line":57,"column":14},"end":{"line":57,"column":43}}]},"6":{"line":61,"type":"switch","locations":[{"start":{"line":68,"column":4},"end":{"line":150,"column":14},"skip":true},{"start":{"line":156,"column":4},"end":{"line":324,"column":14},"skip":true}]},"7":{"line":70,"type":"if","locations":[{"start":{"line":70,"column":12},"end":{"line":70,"column":12},"skip":true},{"start":{"line":70,"column":12},"end":{"line":70,"column":12},"skip":true}]},"8":{"line":70,"type":"binary-expr","locations":[{"start":{"line":70,"column":16},"end":{"line":70,"column":22},"skip":true},{"start":{"line":70,"column":27},"end":{"line":70,"column":32},"skip":true},{"start":{"line":71,"column":20},"end":{"line":71,"column":39},"skip":true},{"start":{"line":72,"column":20},"end":{"line":72,"column":49},"skip":true},{"start":{"line":73,"column":20},"end":{"line":73,"column":58},"skip":true},{"start":{"line":74,"column":20},"end":{"line":74,"column":69},"skip":true}]},"9":{"line":79,"type":"switch","locations":[{"start":{"line":80,"column":20},"end":{"line":80,"column":33},"skip":true},{"start":{"line":81,"column":20},"end":{"line":83,"column":30},"skip":true},{"start":{"line":84,"column":20},"end":{"line":85,"column":49},"skip":true}]},"10":{"line":89,"type":"switch","locations":[{"start":{"line":90,"column":12},"end":{"line":103,"column":22},"skip":true},{"start":{"line":105,"column":12},"end":{"line":106,"column":22},"skip":true}]},"11":{"line":89,"type":"binary-expr","locations":[{"start":{"line":89,"column":20},"end":{"line":89,"column":25},"skip":true},{"start":{"line":89,"column":29},"end":{"line":89,"column":48},"skip":true},{"start":{"line":89,"column":52},"end":{"line":89,"column":74},"skip":true}]},"12":{"line":92,"type":"if","locations":[{"start":{"line":92,"column":16},"end":{"line":92,"column":16},"skip":true},{"start":{"line":92,"column":16},"end":{"line":92,"column":16},"skip":true}]},"13":{"line":108,"type":"if","locations":[{"start":{"line":108,"column":12},"end":{"line":108,"column":12},"skip":true},{"start":{"line":108,"column":12},"end":{"line":108,"column":12},"skip":true}]},"14":{"line":108,"type":"binary-expr","locations":[{"start":{"line":108,"column":16},"end":{"line":108,"column":61},"skip":true},{"start":{"line":108,"column":66},"end":{"line":108,"column":72},"skip":true},{"start":{"line":108,"column":77},"end":{"line":108,"column":82},"skip":true},{"start":{"line":109,"column":20},"end":{"line":109,"column":39},"skip":true},{"start":{"line":110,"column":20},"end":{"line":110,"column":49},"skip":true},{"start":{"line":111,"column":20},"end":{"line":111,"column":58},"skip":true},{"start":{"line":112,"column":20},"end":{"line":112,"column":68},"skip":true}]},"15":{"line":129,"type":"if","locations":[{"start":{"line":129,"column":16},"end":{"line":129,"column":16},"skip":true},{"start":{"line":129,"column":16},"end":{"line":129,"column":16},"skip":true}]},"16":{"line":134,"type":"cond-expr","locations":[{"start":{"line":135,"column":26},"end":{"line":135,"column":29},"skip":true},{"start":{"line":136,"column":26},"end":{"line":136,"column":54},"skip":true}]},"17":{"line":164,"type":"binary-expr","locations":[{"start":{"line":164,"column":27},"end":{"line":164,"column":43},"skip":true},{"start":{"line":164,"column":47},"end":{"line":164,"column":49},"skip":true}]},"18":{"line":258,"type":"if","locations":[{"start":{"line":258,"column":8},"end":{"line":258,"column":8},"skip":true},{"start":{"line":258,"column":8},"end":{"line":258,"column":8},"skip":true}]},"19":{"line":275,"type":"switch","locations":[{"start":{"line":276,"column":20},"end":{"line":277,"column":64},"skip":true},{"start":{"line":278,"column":20},"end":{"line":279,"column":40},"skip":true},{"start":{"line":280,"column":20},"end":{"line":281,"column":40},"skip":true},{"start":{"line":282,"column":20},"end":{"line":283,"column":39},"skip":true}]},"20":{"line":288,"type":"if","locations":[{"start":{"line":288,"column":8},"end":{"line":288,"column":8},"skip":true},{"start":{"line":288,"column":8},"end":{"line":288,"column":8},"skip":true}]},"21":{"line":288,"type":"binary-expr","locations":[{"start":{"line":288,"column":12},"end":{"line":288,"column":40},"skip":true},{"start":{"line":288,"column":44},"end":{"line":288,"column":67},"skip":true}]},"22":{"line":292,"type":"binary-expr","locations":[{"start":{"line":292,"column":12},"end":{"line":292,"column":50},"skip":true},{"start":{"line":293,"column":12},"end":{"line":293,"column":53},"skip":true}]},"23":{"line":297,"type":"binary-expr","locations":[{"start":{"line":297,"column":12},"end":{"line":297,"column":83},"skip":true},{"start":{"line":298,"column":12},"end":{"line":301,"column":36},"skip":true}]},"24":{"line":303,"type":"binary-expr","locations":[{"start":{"line":303,"column":43},"end":{"line":303,"column":75},"skip":true},{"start":{"line":303,"column":79},"end":{"line":303,"column":81},"skip":true}]},"25":{"line":306,"type":"if","locations":[{"start":{"line":306,"column":8},"end":{"line":306,"column":8},"skip":true},{"start":{"line":306,"column":8},"end":{"line":306,"column":8},"skip":true}]},"26":{"line":310,"type":"if","locations":[{"start":{"line":310,"column":8},"end":{"line":310,"column":8},"skip":true},{"start":{"line":310,"column":8},"end":{"line":310,"column":8},"skip":true}]},"27":{"line":313,"type":"binary-expr","locations":[{"start":{"line":313,"column":27},"end":{"line":313,"column":43},"skip":true},{"start":{"line":313,"column":47},"end":{"line":313,"column":53},"skip":true}]},"28":{"line":317,"type":"if","locations":[{"start":{"line":317,"column":12},"end":{"line":317,"column":12},"skip":true},{"start":{"line":317,"column":12},"end":{"line":317,"column":12},"skip":true}]}},"code":["/*","example.js","","quickstart example","","instruction","    1. save this script as example.js","    2. run the shell command:","        $ npm install npmtest-eslint-config-airbnb-base && PORT=8081 node example.js","    3. play with the browser-demo on http://127.0.0.1:8081","*/","","","","/* istanbul instrument in package npmtest_eslint_config_airbnb_base */","/*jslint","    bitwise: true,","    browser: true,","    maxerr: 8,","    maxlen: 96,","    node: true,","    nomen: true,","    regexp: true,","    stupid: true","*/","(function () {","    'use strict';","    var local;","","","","    // run shared js-env code - init-before","    (function () {","        // init local","        local = {};","        // init modeJs","        local.modeJs = (function () {","            try {","                return typeof navigator.userAgent === 'string' &&","                    typeof document.querySelector('body') === 'object' &&","                    typeof XMLHttpRequest.prototype.open === 'function' &&","                    'browser';","            } catch (errorCaughtBrowser) {","                return module.exports &&","                    typeof process.versions.node === 'string' &&","                    typeof require('http').createServer === 'function' &&","                    'node';","            }","        }());","        // init global","        local.global = local.modeJs === 'browser'","            ? window","            : global;","        // init utility2_rollup","        local = local.global.utility2_rollup || (local.modeJs === 'browser'","            ? local.global.utility2_npmtest_eslint_config_airbnb_base","            : global.utility2_moduleExports);","        // export local","        local.global.local = local;","    }());","    switch (local.modeJs) {","","","","    // init-after","    // run browser js-env code - init-after","    /* istanbul ignore next */","    case 'browser':","        local.testRunBrowser = function (event) {","            if (!event || (event &&","                    event.currentTarget &&","                    event.currentTarget.className &&","                    event.currentTarget.className.includes &&","                    event.currentTarget.className.includes('onreset'))) {","                // reset output","                Array.from(","                    document.querySelectorAll('body > .resettable')","                ).forEach(function (element) {","                    switch (element.tagName) {","                    case 'INPUT':","                    case 'TEXTAREA':","                        element.value = '';","                        break;","                    default:","                        element.textContent = '';","                    }","                });","            }","            switch (event && event.currentTarget && event.currentTarget.id) {","            case 'testRunButton1':","                // show tests","                if (document.querySelector('#testReportDiv1').style.display === 'none') {","                    document.querySelector('#testReportDiv1').style.display = 'block';","                    document.querySelector('#testRunButton1').textContent =","                        'hide internal test';","                    local.modeTest = true;","                    local.testRunDefault(local);","                // hide tests","                } else {","                    document.querySelector('#testReportDiv1').style.display = 'none';","                    document.querySelector('#testRunButton1').textContent = 'run internal test';","                }","                break;","            // custom-case","            default:","                break;","            }","            if (document.querySelector('#inputTextareaEval1') && (!event || (event &&","                    event.currentTarget &&","                    event.currentTarget.className &&","                    event.currentTarget.className.includes &&","                    event.currentTarget.className.includes('oneval')))) {","                // try to eval input-code","                try {","                    /*jslint evil: true*/","                    eval(document.querySelector('#inputTextareaEval1').value);","                } catch (errorCaught) {","                    console.error(errorCaught);","                }","            }","        };","        // log stderr and stdout to #outputTextareaStdout1","        ['error', 'log'].forEach(function (key) {","            console[key + '_original'] = console[key];","            console[key] = function () {","                var element;","                console[key + '_original'].apply(console, arguments);","                element = document.querySelector('#outputTextareaStdout1');","                if (!element) {","                    return;","                }","                // append text to #outputTextareaStdout1","                element.value += Array.from(arguments).map(function (arg) {","                    return typeof arg === 'string'","                        ? arg","                        : JSON.stringify(arg, null, 4);","                }).join(' ') + '\\n';","                // scroll textarea to bottom","                element.scrollTop = element.scrollHeight;","            };","        });","        // init event-handling","        ['change', 'click', 'keyup'].forEach(function (event) {","            Array.from(document.querySelectorAll('.on' + event)).forEach(function (element) {","                element.addEventListener(event, local.testRunBrowser);","            });","        });","        // run tests","        local.testRunBrowser();","        break;","","","","    // run node js-env code - init-after","    /* istanbul ignore next */","    case 'node':","        // export local","        module.exports = local;","        // require modules","        local.fs = require('fs');","        local.http = require('http');","        local.url = require('url');","        // init assets","        local.assetsDict = local.assetsDict || {};","        /* jslint-ignore-begin */","        local.assetsDict['/assets.index.template.html'] = '\\","<!doctype html>\\n\\","<html lang=\"en\">\\n\\","<head>\\n\\","<meta charset=\"UTF-8\">\\n\\","<meta name=\"viewport\" content=\"width=device-width, initial-scale=1\">\\n\\","<title>{{env.npm_package_name}} (v{{env.npm_package_version}})</title>\\n\\","<style>\\n\\","/*csslint\\n\\","    box-sizing: false,\\n\\","    universal-selector: false\\n\\","*/\\n\\","* {\\n\\","    box-sizing: border-box;\\n\\","}\\n\\","body {\\n\\","    background: #dde;\\n\\","    font-family: Arial, Helvetica, sans-serif;\\n\\","    margin: 2rem;\\n\\","}\\n\\","body > * {\\n\\","    margin-bottom: 1rem;\\n\\","}\\n\\",".utility2FooterDiv {\\n\\","    margin-top: 20px;\\n\\","    text-align: center;\\n\\","}\\n\\","</style>\\n\\","<style>\\n\\","/*csslint\\n\\","*/\\n\\","textarea {\\n\\","    font-family: monospace;\\n\\","    height: 10rem;\\n\\","    width: 100%;\\n\\","}\\n\\","textarea[readonly] {\\n\\","    background: #ddd;\\n\\","}\\n\\","</style>\\n\\","</head>\\n\\","<body>\\n\\","<!-- utility2-comment\\n\\","<div id=\"ajaxProgressDiv1\" style=\"background: #d00; height: 2px; left: 0; margin: 0; padding: 0; position: fixed; top: 0; transition: background 0.5s, width 1.5s; width: 25%;\"></div>\\n\\","utility2-comment -->\\n\\","<h1>\\n\\","<!-- utility2-comment\\n\\","    <a\\n\\","        {{#if env.npm_package_homepage}}\\n\\","        href=\"{{env.npm_package_homepage}}\"\\n\\","        {{/if env.npm_package_homepage}}\\n\\","        target=\"_blank\"\\n\\","    >\\n\\","utility2-comment -->\\n\\","        {{env.npm_package_name}} (v{{env.npm_package_version}})\\n\\","<!-- utility2-comment\\n\\","    </a>\\n\\","utility2-comment -->\\n\\","</h1>\\n\\","<h3>{{env.npm_package_description}}</h3>\\n\\","<!-- utility2-comment\\n\\","<h4><a download href=\"assets.app.js\">download standalone app</a></h4>\\n\\","<button class=\"onclick onreset\" id=\"testRunButton1\">run internal test</button><br>\\n\\","<div id=\"testReportDiv1\" style=\"display: none;\"></div>\\n\\","utility2-comment -->\\n\\","\\n\\","\\n\\","\\n\\","<label>stderr and stdout</label>\\n\\","<textarea class=\"resettable\" id=\"outputTextareaStdout1\" readonly></textarea>\\n\\","<!-- utility2-comment\\n\\","{{#if isRollup}}\\n\\","<script src=\"assets.app.js\"></script>\\n\\","{{#unless isRollup}}\\n\\","utility2-comment -->\\n\\","<script src=\"assets.utility2.rollup.js\"></script>\\n\\","<script src=\"jsonp.utility2._stateInit?callback=window.utility2._stateInit\"></script>\\n\\","<script src=\"assets.npmtest_eslint_config_airbnb_base.rollup.js\"></script>\\n\\","<script src=\"assets.example.js\"></script>\\n\\","<script src=\"assets.test.js\"></script>\\n\\","<!-- utility2-comment\\n\\","{{/if isRollup}}\\n\\","utility2-comment -->\\n\\","<div class=\"utility2FooterDiv\">\\n\\","    [ this app was created with\\n\\","    <a href=\"https://github.com/kaizhu256/node-utility2\" target=\"_blank\">utility2</a>\\n\\","    ]\\n\\","</div>\\n\\","</body>\\n\\","</html>\\n\\","';","        /* jslint-ignore-end */","        if (local.templateRender) {","            local.assetsDict['/'] = local.templateRender(","                local.assetsDict['/assets.index.template.html'],","                {","                    env: local.objectSetDefault(local.env, {","                        npm_package_description: 'the greatest app in the world!',","                        npm_package_name: 'my-app',","                        npm_package_nameAlias: 'my_app',","                        npm_package_version: '0.0.1'","                    })","                }","            );","        } else {","            local.assetsDict['/'] = local.assetsDict['/assets.index.template.html']","                .replace((/\\{\\{env\\.(\\w+?)\\}\\}/g), function (match0, match1) {","                    // jslint-hack","                    String(match0);","                    switch (match1) {","                    case 'npm_package_description':","                        return 'the greatest app in the world!';","                    case 'npm_package_name':","                        return 'my-app';","                    case 'npm_package_nameAlias':","                        return 'my_app';","                    case 'npm_package_version':","                        return '0.0.1';","                    }","                });","        }","        // run the cli","        if (local.global.utility2_rollup || module !== require.main) {","            break;","        }","        local.assetsDict['/assets.example.js'] =","            local.assetsDict['/assets.example.js'] ||","            local.fs.readFileSync(__filename, 'utf8');","        // bug-workaround - long $npm_package_buildCustomOrg","        /* jslint-ignore-begin */","        local.assetsDict['/assets.npmtest_eslint_config_airbnb_base.rollup.js'] =","            local.assetsDict['/assets.npmtest_eslint_config_airbnb_base.rollup.js'] ||","            local.fs.readFileSync(","                local.npmtest_eslint_config_airbnb_base.__dirname + '/lib.npmtest_eslint_config_airbnb_base.js',","                'utf8'","            ).replace((/^#!/), '//');","        /* jslint-ignore-end */","        local.assetsDict['/favicon.ico'] = local.assetsDict['/favicon.ico'] || '';","        // if $npm_config_timeout_exit exists,","        // then exit this process after $npm_config_timeout_exit ms","        if (Number(process.env.npm_config_timeout_exit)) {","            setTimeout(process.exit, Number(process.env.npm_config_timeout_exit));","        }","        // start server","        if (local.global.utility2_serverHttp1) {","            break;","        }","        process.env.PORT = process.env.PORT || '8081';","        console.error('server starting on port ' + process.env.PORT);","        local.http.createServer(function (request, response) {","            request.urlParsed = local.url.parse(request.url);","            if (local.assetsDict[request.urlParsed.pathname] !== undefined) {","                response.end(local.assetsDict[request.urlParsed.pathname]);","                return;","            }","            response.statusCode = 404;","            response.end();","        }).listen(process.env.PORT);","        break;","    }","}());",""],"l":{"26":2,"28":2,"33":2,"35":2,"37":2,"38":2,"39":2,"44":1,"51":2,"55":2,"59":2,"61":2,"69":1,"70":2,"76":2,"79":2,"82":2,"83":2,"85":1,"89":2,"92":1,"93":1,"94":1,"96":1,"97":1,"100":1,"101":1,"103":1,"106":1,"108":2,"114":1,"116":1,"118":1,"123":1,"124":2,"125":2,"126":3,"127":3,"128":3,"129":3,"130":1,"133":3,"134":3,"139":3,"143":1,"144":3,"145":1,"149":1,"150":1,"158":1,"160":1,"161":1,"162":1,"164":1,"166":1,"258":1,"259":1,"271":1,"274":6,"275":6,"277":1,"279":2,"281":1,"283":2,"288":1,"289":1,"291":1,"296":1,"303":1,"306":1,"307":1,"310":1,"311":1,"313":1,"314":1,"315":1,"316":1,"317":1,"318":1,"319":1,"321":1,"322":1,"324":1}},"/home/travis/build/npmtest/node-npmtest-eslint-config-airbnb-base/node_modules/eslint-config-airbnb-base/index.js":{"path":"/home/travis/build/npmtest/node-npmtest-eslint-config-airbnb-base/node_modules/eslint-config-airbnb-base/index.js","s":{"1":1},"b":{},"f":{},"fnMap":{},"statementMap":{"1":{"start":{"line":1,"column":0},"end":{"line":21,"column":2}}},"branchMap":{},"code":["module.exports = {","  extends: [","    './rules/best-practices',","    './rules/errors',","    './rules/node',","    './rules/style',","    './rules/variables',","    './rules/es6',","    './rules/imports',","  ].map(require.resolve),","  parserOptions: {","    ecmaVersion: 2017,","    sourceType: 'module',","    ecmaFeatures: {","      experimentalObjectRestSpread: true,","    },","  },","  rules: {","    strict: 'error',","  },","};",""],"l":{"1":1}},"/home/travis/build/npmtest/node-npmtest-eslint-config-airbnb-base/node_modules/eslint-config-airbnb-base/legacy.js":{"path":"/home/travis/build/npmtest/node-npmtest-eslint-config-airbnb-base/node_modules/eslint-config-airbnb-base/legacy.js","s":{"1":1},"b":{},"f":{},"fnMap":{},"statementMap":{"1":{"start":{"line":1,"column":0},"end":{"line":33,"column":2}}},"branchMap":{},"code":["module.exports = {","  extends: [","    './rules/best-practices',","    './rules/errors',","    './rules/node',","    './rules/style',","    './rules/variables'","  ].map(require.resolve),","  env: {","    browser: true,","    node: true,","    amd: false,","    mocha: false,","    jasmine: false","  },","  ecmaFeatures: {},","  globals: {},","  rules: {","    'comma-dangle': ['error', 'never'],","    'prefer-numeric-literals': 'off',","    'no-restricted-properties': ['error', {","      object: 'arguments',","      property: 'callee',","      message: 'arguments.callee is deprecated',","    }, {","      property: '__defineGetter__',","      message: 'Please use Object.defineProperty instead.',","    }, {","      property: '__defineSetter__',","      message: 'Please use Object.defineProperty instead.',","    }],","  }","};",""],"l":{"1":1}},"/home/travis/build/npmtest/node-npmtest-eslint-config-airbnb-base/node_modules/eslint-config-airbnb-base/rules/best-practices.js":{"path":"/home/travis/build/npmtest/node-npmtest-eslint-config-airbnb-base/node_modules/eslint-config-airbnb-base/rules/best-practices.js","s":{"1":1},"b":{},"f":{},"fnMap":{},"statementMap":{"1":{"start":{"line":1,"column":0},"end":{"line":291,"column":2}}},"branchMap":{},"code":["module.exports = {","  rules: {","    // enforces getter/setter pairs in objects","    'accessor-pairs': 'off',","","    // enforces return statements in callbacks of array's methods","    // http://eslint.org/docs/rules/array-callback-return","    'array-callback-return': 'error',","","    // treat var statements as if they were block scoped","    'block-scoped-var': 'error',","","    // specify the maximum cyclomatic complexity allowed in a program","    complexity: ['off', 11],","","    // enforce that class methods use \"this\"","    // http://eslint.org/docs/rules/class-methods-use-this","    'class-methods-use-this': ['error', {","      exceptMethods: [],","    }],","","    // require return statements to either always or never specify values","    'consistent-return': 'error',","","    // specify curly brace conventions for all control statements","    curly: ['error', 'multi-line'],","","    // require default case in switch statements","    'default-case': ['error', { commentPattern: '^no default$' }],","","    // encourages use of dot notation whenever possible","    'dot-notation': ['error', { allowKeywords: true }],","","    // enforces consistent newlines before or after dots","    // http://eslint.org/docs/rules/dot-location","    'dot-location': ['error', 'property'],","","    // require the use of === and !==","    // http://eslint.org/docs/rules/eqeqeq","    eqeqeq: ['error', 'always', { null: 'ignore' }],","","    // make sure for-in loops have an if statement","    'guard-for-in': 'error',","","    // disallow the use of alert, confirm, and prompt","    'no-alert': 'warn',","","    // disallow use of arguments.caller or arguments.callee","    'no-caller': 'error',","","    // disallow lexical declarations in case/default clauses","    // http://eslint.org/docs/rules/no-case-declarations.html","    'no-case-declarations': 'error',","","    // disallow division operators explicitly at beginning of regular expression","    // http://eslint.org/docs/rules/no-div-regex","    'no-div-regex': 'off',","","    // disallow else after a return in an if","    'no-else-return': 'error',","","    // disallow empty functions, except for standalone funcs/arrows","    // http://eslint.org/docs/rules/no-empty-function","    'no-empty-function': ['error', {","      allow: [","        'arrowFunctions',","        'functions',","        'methods',","      ]","    }],","","    // disallow empty destructuring patterns","    // http://eslint.org/docs/rules/no-empty-pattern","    'no-empty-pattern': 'error',","","    // disallow comparisons to null without a type-checking operator","    'no-eq-null': 'off',","","    // disallow use of eval()","    'no-eval': 'error',","","    // disallow adding to native types","    'no-extend-native': 'error',","","    // disallow unnecessary function binding","    'no-extra-bind': 'error',","","    // disallow Unnecessary Labels","    // http://eslint.org/docs/rules/no-extra-label","    'no-extra-label': 'error',","","    // disallow fallthrough of case statements","    'no-fallthrough': 'error',","","    // disallow the use of leading or trailing decimal points in numeric literals","    'no-floating-decimal': 'error',","","    // disallow reassignments of native objects or read-only globals","    // http://eslint.org/docs/rules/no-global-assign","    'no-global-assign': ['error', { exceptions: [] }],","    // deprecated in favor of no-global-assign","    'no-native-reassign': 'off',","","    // disallow implicit type conversions","    // http://eslint.org/docs/rules/no-implicit-coercion","    'no-implicit-coercion': ['off', {","      boolean: false,","      number: true,","      string: true,","      allow: [],","    }],","","    // disallow var and named functions in global scope","    // http://eslint.org/docs/rules/no-implicit-globals","    'no-implicit-globals': 'off',","","    // disallow use of eval()-like methods","    'no-implied-eval': 'error',","","    // disallow this keywords outside of classes or class-like objects","    'no-invalid-this': 'off',","","    // disallow usage of __iterator__ property","    'no-iterator': 'error',","","    // disallow use of labels for anything other then loops and switches","    'no-labels': ['error', { allowLoop: false, allowSwitch: false }],","","    // disallow unnecessary nested blocks","    'no-lone-blocks': 'error',","","    // disallow creation of functions within loops","    'no-loop-func': 'error',","","    // disallow magic numbers","    // http://eslint.org/docs/rules/no-magic-numbers","    'no-magic-numbers': ['off', {","      ignore: [],","      ignoreArrayIndexes: true,","      enforceConst: true,","      detectObjects: false,","    }],","","    // disallow use of multiple spaces","    'no-multi-spaces': 'error',","","    // disallow use of multiline strings","    'no-multi-str': 'error',","","    // disallow use of new operator when not part of the assignment or comparison","    'no-new': 'error',","","    // disallow use of new operator for Function object","    'no-new-func': 'error',","","    // disallows creating new instances of String, Number, and Boolean","    'no-new-wrappers': 'error',","","    // disallow use of (old style) octal literals","    'no-octal': 'error',","","    // disallow use of octal escape sequences in string literals, such as","    // var foo = 'Copyright \\251';","    'no-octal-escape': 'error',","","    // disallow reassignment of function parameters","    // disallow parameter object manipulation except for specific exclusions","    // rule: http://eslint.org/docs/rules/no-param-reassign.html","    'no-param-reassign': ['error', {","      props: true,","      ignorePropertyModificationsFor: [","        'acc', // for reduce accumulators","        'e', // for e.returnvalue","        'ctx', // for Koa routing","        'req', // for Express requests","        'request', // for Express requests","        'res', // for Express responses","        'response', // for Express responses","        '$scope', // for Angular 1 scopes","      ]","    }],","","    // disallow usage of __proto__ property","    'no-proto': 'error',","","    // disallow declaring the same variable more then once","    'no-redeclare': 'error',","","    // disallow certain object properties","    // http://eslint.org/docs/rules/no-restricted-properties","    'no-restricted-properties': ['error', {","      object: 'arguments',","      property: 'callee',","      message: 'arguments.callee is deprecated',","    }, {","      property: '__defineGetter__',","      message: 'Please use Object.defineProperty instead.',","    }, {","      property: '__defineSetter__',","      message: 'Please use Object.defineProperty instead.',","    }, {","      object: 'Math',","      property: 'pow',","      message: 'Use the exponentiation operator (**) instead.',","    }],","","    // disallow use of assignment in return statement","    'no-return-assign': 'error',","","    // disallow redundant `return await`","    'no-return-await': 'error',","","    // disallow use of `javascript:` urls.","    'no-script-url': 'error',","","    // disallow self assignment","    // http://eslint.org/docs/rules/no-self-assign","    'no-self-assign': 'error',","","    // disallow comparisons where both sides are exactly the same","    'no-self-compare': 'error',","","    // disallow use of comma operator","    'no-sequences': 'error',","","    // restrict what can be thrown as an exception","    'no-throw-literal': 'error',","","    // disallow unmodified conditions of loops","    // http://eslint.org/docs/rules/no-unmodified-loop-condition","    'no-unmodified-loop-condition': 'off',","","    // disallow usage of expressions in statement position","    'no-unused-expressions': ['error', {","      allowShortCircuit: false,","      allowTernary: false,","      allowTaggedTemplates: false,","    }],","","    // disallow unused labels","    // http://eslint.org/docs/rules/no-unused-labels","    'no-unused-labels': 'error',","","    // disallow unnecessary .call() and .apply()","    'no-useless-call': 'off',","","    // disallow useless string concatenation","    // http://eslint.org/docs/rules/no-useless-concat","    'no-useless-concat': 'error',","","    // disallow unnecessary string escaping","    // http://eslint.org/docs/rules/no-useless-escape","    'no-useless-escape': 'error',","","    // disallow redundant return; keywords","    // http://eslint.org/docs/rules/no-useless-return","    'no-useless-return': 'error',","","    // disallow use of void operator","    // http://eslint.org/docs/rules/no-void","    'no-void': 'error',","","    // disallow usage of configurable warning terms in comments: e.g. todo","    'no-warning-comments': ['off', { terms: ['todo', 'fixme', 'xxx'], location: 'start' }],","","    // disallow use of the with statement","    'no-with': 'error',","","    // require using Error objects as Promise rejection reasons","    // http://eslint.org/docs/rules/prefer-promise-reject-errors","    // TODO: enable, semver-major","    'prefer-promise-reject-errors': ['off', { allowEmptyReject: true }],","","    // require use of the second argument for parseInt()","    radix: 'error',","","    // require `await` in `async function` (note: this is a horrible rule that should never be used)","    // http://eslint.org/docs/rules/require-await","    'require-await': 'off',","","    // requires to declare all vars on top of their containing scope","    'vars-on-top': 'error',","","    // require immediate function invocation to be wrapped in parentheses","    // http://eslint.org/docs/rules/wrap-iife.html","    'wrap-iife': ['error', 'outside', { functionPrototypeMethods: false }],","","    // require or disallow Yoda conditions","    yoda: 'error'","  }","};",""],"l":{"1":1}},"/home/travis/build/npmtest/node-npmtest-eslint-config-airbnb-base/node_modules/eslint-config-airbnb-base/rules/errors.js":{"path":"/home/travis/build/npmtest/node-npmtest-eslint-config-airbnb-base/node_modules/eslint-config-airbnb-base/rules/errors.js","s":{"1":1},"b":{},"f":{},"fnMap":{},"statementMap":{"1":{"start":{"line":1,"column":0},"end":{"line":127,"column":2}}},"branchMap":{},"code":["module.exports = {","  rules: {","    // require trailing commas in multiline object literals","    'comma-dangle': ['error', {","      arrays: 'always-multiline',","      objects: 'always-multiline',","      imports: 'always-multiline',","      exports: 'always-multiline',","      functions: 'always-multiline',","    }],","","    // Disallow await inside of loops","    // http://eslint.org/docs/rules/no-await-in-loop","    'no-await-in-loop': 'error',","","    // Disallow comparisons to negative zero","    // http://eslint.org/docs/rules/no-compare-neg-zero","    // TODO: enable (semver-major)","    'no-compare-neg-zero': 'off',","","    // disallow assignment in conditional expressions","    'no-cond-assign': ['error', 'always'],","","    // disallow use of console","    'no-console': 'warn',","","    // disallow use of constant expressions in conditions","    'no-constant-condition': 'warn',","","    // disallow control characters in regular expressions","    'no-control-regex': 'error',","","    // disallow use of debugger","    'no-debugger': 'error',","","    // disallow duplicate arguments in functions","    'no-dupe-args': 'error',","","    // disallow duplicate keys when creating object literals","    'no-dupe-keys': 'error',","","    // disallow a duplicate case label.","    'no-duplicate-case': 'error',","","    // disallow empty statements","    'no-empty': 'error',","","    // disallow the use of empty character classes in regular expressions","    'no-empty-character-class': 'error',","","    // disallow assigning to the exception in a catch block","    'no-ex-assign': 'error',","","    // disallow double-negation boolean casts in a boolean context","    // http://eslint.org/docs/rules/no-extra-boolean-cast","    'no-extra-boolean-cast': 'error',","","    // disallow unnecessary parentheses","    // http://eslint.org/docs/rules/no-extra-parens","    'no-extra-parens': ['off', 'all', {","      conditionalAssign: true,","      nestedBinaryExpressions: false,","      returnAssign: false,","    }],","","    // disallow unnecessary semicolons","    'no-extra-semi': 'error',","","    // disallow overwriting functions written as function declarations","    'no-func-assign': 'error',","","    // disallow function or variable declarations in nested blocks","    'no-inner-declarations': 'error',","","    // disallow invalid regular expression strings in the RegExp constructor","    'no-invalid-regexp': 'error',","","    // disallow irregular whitespace outside of strings and comments","    'no-irregular-whitespace': 'error',","","    // disallow the use of object properties of the global object (Math and JSON) as functions","    'no-obj-calls': 'error',","","    // disallow use of Object.prototypes builtins directly","    // http://eslint.org/docs/rules/no-prototype-builtins","    'no-prototype-builtins': 'error',","","    // disallow multiple spaces in a regular expression literal","    'no-regex-spaces': 'error',","","    // disallow sparse arrays","    'no-sparse-arrays': 'error',","","    // Disallow template literal placeholder syntax in regular strings","    // http://eslint.org/docs/rules/no-template-curly-in-string","    'no-template-curly-in-string': 'error',","","    // Avoid code that looks like two expressions but is actually one","    // http://eslint.org/docs/rules/no-unexpected-multiline","    'no-unexpected-multiline': 'error',","","    // disallow unreachable statements after a return, throw, continue, or break statement","    'no-unreachable': 'error',","","    // disallow return/throw/break/continue inside finally blocks","    // http://eslint.org/docs/rules/no-unsafe-finally","    'no-unsafe-finally': 'error',","","    // disallow negating the left operand of relational operators","    // http://eslint.org/docs/rules/no-unsafe-negation","    'no-unsafe-negation': 'error',","    // disallow negation of the left operand of an in expression","    // deprecated in favor of no-unsafe-negation","    'no-negated-in-lhs': 'off',","","    // disallow comparisons with the value NaN","    'use-isnan': 'error',","","    // ensure JSDoc comments are valid","    // http://eslint.org/docs/rules/valid-jsdoc","    'valid-jsdoc': 'off',","","    // ensure that the results of typeof are compared against a valid string","    // http://eslint.org/docs/rules/valid-typeof","    'valid-typeof': ['error', { requireStringLiterals: true }],","  }","};",""],"l":{"1":1}},"/home/travis/build/npmtest/node-npmtest-eslint-config-airbnb-base/node_modules/eslint-config-airbnb-base/rules/es6.js":{"path":"/home/travis/build/npmtest/node-npmtest-eslint-config-airbnb-base/node_modules/eslint-config-airbnb-base/rules/es6.js","s":{"1":1},"b":{},"f":{},"fnMap":{},"statementMap":{"1":{"start":{"line":1,"column":0},"end":{"line":170,"column":2}}},"branchMap":{},"code":["module.exports = {","  env: {","    es6: true","  },","  parserOptions: {","    ecmaVersion: 6,","    sourceType: 'module',","    ecmaFeatures: {","      generators: false,","      objectLiteralDuplicateProperties: false","    }","  },","","  rules: {","    // enforces no braces where they can be omitted","    // http://eslint.org/docs/rules/arrow-body-style","    // TODO: enable requireReturnForObjectLiteral?","    'arrow-body-style': ['error', 'as-needed', {","      requireReturnForObjectLiteral: false,","    }],","","    // require parens in arrow function arguments","    // http://eslint.org/docs/rules/arrow-parens","    'arrow-parens': ['error', 'as-needed', {","      requireForBlockBody: true,","    }],","","    // require space before/after arrow function's arrow","    // http://eslint.org/docs/rules/arrow-spacing","    'arrow-spacing': ['error', { before: true, after: true }],","","    // verify super() callings in constructors","    'constructor-super': 'error',","","    // enforce the spacing around the * in generator functions","    // http://eslint.org/docs/rules/generator-star-spacing","    'generator-star-spacing': ['error', { before: false, after: true }],","","    // disallow modifying variables of class declarations","    // http://eslint.org/docs/rules/no-class-assign","    'no-class-assign': 'error',","","    // disallow arrow functions where they could be confused with comparisons","    // http://eslint.org/docs/rules/no-confusing-arrow","    'no-confusing-arrow': ['error', {","      allowParens: true,","    }],","","    // disallow modifying variables that are declared using const","    'no-const-assign': 'error',","","    // disallow duplicate class members","    // http://eslint.org/docs/rules/no-dupe-class-members","    'no-dupe-class-members': 'error',","","    // disallow importing from the same path more than once","    // http://eslint.org/docs/rules/no-duplicate-imports","    // replaced by https://github.com/benmosher/eslint-plugin-import/blob/master/docs/rules/no-duplicates.md","    'no-duplicate-imports': 'off',","","    // disallow symbol constructor","    // http://eslint.org/docs/rules/no-new-symbol","    'no-new-symbol': 'error',","","    // disallow specific imports","    // http://eslint.org/docs/rules/no-restricted-imports","    'no-restricted-imports': 'off',","","    // disallow to use this/super before super() calling in constructors.","    // http://eslint.org/docs/rules/no-this-before-super","    'no-this-before-super': 'error',","","    // disallow useless computed property keys","    // http://eslint.org/docs/rules/no-useless-computed-key","    'no-useless-computed-key': 'error',","","    // disallow unnecessary constructor","    // http://eslint.org/docs/rules/no-useless-constructor","    'no-useless-constructor': 'error',","","    // disallow renaming import, export, and destructured assignments to the same name","    // http://eslint.org/docs/rules/no-useless-rename","    'no-useless-rename': ['error', {","      ignoreDestructuring: false,","      ignoreImport: false,","      ignoreExport: false,","    }],","","    // require let or const instead of var","    'no-var': 'error',","","    // require method and property shorthand syntax for object literals","    // http://eslint.org/docs/rules/object-shorthand","    'object-shorthand': ['error', 'always', {","      ignoreConstructors: false,","      avoidQuotes: true,","    }],","","    // suggest using arrow functions as callbacks","    'prefer-arrow-callback': ['error', {","      allowNamedFunctions: false,","      allowUnboundThis: true,","    }],","","    // suggest using of const declaration for variables that are never modified after declared","    'prefer-const': ['error', {","      destructuring: 'any',","      ignoreReadBeforeAssign: true,","    }],","","    // Prefer destructuring from arrays and objects","    // http://eslint.org/docs/rules/prefer-destructuring","    // TODO: enable","    'prefer-destructuring': ['off', {","      array: true,","      object: true,","    }, {","      enforceForRenamedProperties: false,","    }],","","    // disallow parseInt() in favor of binary, octal, and hexadecimal literals","    // http://eslint.org/docs/rules/prefer-numeric-literals","    'prefer-numeric-literals': 'error',","","    // suggest using Reflect methods where applicable","    // http://eslint.org/docs/rules/prefer-reflect","    // TODO: enable?","    'prefer-reflect': 'off',","","    // use rest parameters instead of arguments","    // http://eslint.org/docs/rules/prefer-rest-params","    'prefer-rest-params': 'error',","","    // suggest using the spread operator instead of .apply()","    // http://eslint.org/docs/rules/prefer-spread","    'prefer-spread': 'error',","","    // suggest using template literals instead of string concatenation","    // http://eslint.org/docs/rules/prefer-template","    'prefer-template': 'error',","","    // disallow generator functions that do not have yield","    // http://eslint.org/docs/rules/require-yield","    'require-yield': 'error',","","    // enforce spacing between object rest-spread","    // http://eslint.org/docs/rules/rest-spread-spacing","    'rest-spread-spacing': ['error', 'never'],","","    // import sorting","    // http://eslint.org/docs/rules/sort-imports","    'sort-imports': ['off', {","      ignoreCase: false,","      ignoreMemberSort: false,","      memberSyntaxSortOrder: ['none', 'all', 'multiple', 'single'],","    }],","","    // require a Symbol description","    // http://eslint.org/docs/rules/symbol-description","    'symbol-description': 'error',","","    // enforce usage of spacing in template strings","    // http://eslint.org/docs/rules/template-curly-spacing","    'template-curly-spacing': 'error',","","    // enforce spacing around the * in yield* expressions","    // http://eslint.org/docs/rules/yield-star-spacing","    'yield-star-spacing': ['error', 'after']","  }","};",""],"l":{"1":1}},"/home/travis/build/npmtest/node-npmtest-eslint-config-airbnb-base/node_modules/eslint-config-airbnb-base/rules/imports.js":{"path":"/home/travis/build/npmtest/node-npmtest-eslint-config-airbnb-base/node_modules/eslint-config-airbnb-base/rules/imports.js","s":{"1":1},"b":{},"f":{},"fnMap":{},"statementMap":{"1":{"start":{"line":1,"column":0},"end":{"line":194,"column":2}}},"branchMap":{},"code":["module.exports = {","  env: {","    es6: true","  },","  parserOptions: {","    ecmaVersion: 6,","    sourceType: 'module'","  },","  plugins: [","    'import'","  ],","","  settings: {","    'import/resolver': {","      node: {","        extensions: ['.js', '.json']","      }","    },","    'import/extensions': [","      '.js',","      '.jsx',","    ],","    'import/core-modules': [","    ],","    'import/ignore': [","      'node_modules',","      '\\\\.(coffee|scss|css|less|hbs|svg|json)$',","    ],","  },","","  rules: {","    // Static analysis:","","    // ensure imports point to files/modules that can be resolved","    // https://github.com/benmosher/eslint-plugin-import/blob/master/docs/rules/no-unresolved.md","    'import/no-unresolved': ['error', { commonjs: true, caseSensitive: true }],","","    // ensure named imports coupled with named exports","    // https://github.com/benmosher/eslint-plugin-import/blob/master/docs/rules/named.md#when-not-to-use-it","    'import/named': 'off',","","    // ensure default import coupled with default export","    // https://github.com/benmosher/eslint-plugin-import/blob/master/docs/rules/default.md#when-not-to-use-it","    'import/default': 'off',","","    // https://github.com/benmosher/eslint-plugin-import/blob/master/docs/rules/namespace.md","    'import/namespace': 'off',","","    // Helpful warnings:","","    // disallow invalid exports, e.g. multiple defaults","    // https://github.com/benmosher/eslint-plugin-import/blob/master/docs/rules/export.md","    'import/export': 'error',","","    // do not allow a default import name to match a named export","    // https://github.com/benmosher/eslint-plugin-import/blob/master/docs/rules/no-named-as-default.md","    'import/no-named-as-default': 'error',","","    // warn on accessing default export property names that are also named exports","    // https://github.com/benmosher/eslint-plugin-import/blob/master/docs/rules/no-named-as-default-member.md","    'import/no-named-as-default-member': 'error',","","    // disallow use of jsdoc-marked-deprecated imports","    // https://github.com/benmosher/eslint-plugin-import/blob/master/docs/rules/no-deprecated.md","    'import/no-deprecated': 'off',","","    // Forbid the use of extraneous packages","    // https://github.com/benmosher/eslint-plugin-import/blob/master/docs/rules/no-extraneous-dependencies.md","    // paths are treated both as absolute paths, and relative to process.cwd()","    'import/no-extraneous-dependencies': ['error', {","      devDependencies: [","        'test/**', // tape, common npm pattern","        'tests/**', // also common npm pattern","        'spec/**', // mocha, rspec-like pattern","        '**/__tests__/**', // jest pattern","        'test.js', // repos with a single test file","        'test-*.js', // repos with multiple top-level test files","        '**/*.test.js', // tests where the extension denotes that it is a test","        '**/*.spec.js', // tests where the extension denotes that it is a test","        '**/webpack.config.js', // webpack config","        '**/webpack.config.*.js', // webpack config","        '**/rollup.config.js', // rollup config","        '**/gulpfile.js', // gulp config","        '**/gulpfile.*.js', // gulp config","        '**/Gruntfile', // grunt config","      ],","      optionalDependencies: false,","    }],","","    // Forbid mutable exports","    // https://github.com/benmosher/eslint-plugin-import/blob/master/docs/rules/no-mutable-exports.md","    'import/no-mutable-exports': 'error',","","    // Module systems:","","    // disallow require()","    // https://github.com/benmosher/eslint-plugin-import/blob/master/docs/rules/no-commonjs.md","    'import/no-commonjs': 'off',","","    // disallow AMD require/define","    // https://github.com/benmosher/eslint-plugin-import/blob/master/docs/rules/no-amd.md","    'import/no-amd': 'error',","","    // No Node.js builtin modules","    // https://github.com/benmosher/eslint-plugin-import/blob/master/docs/rules/no-nodejs-modules.md","    // TODO: enable?","    'import/no-nodejs-modules': 'off',","","    // Style guide:","","    // disallow non-import statements appearing before import statements","    // https://github.com/benmosher/eslint-plugin-import/blob/master/docs/rules/first.md","    'import/first': ['error', 'absolute-first'],","","    // disallow non-import statements appearing before import statements","    // https://github.com/benmosher/eslint-plugin-import/blob/master/docs/rules/imports-first.md","    // deprecated: use `import/first`","    'import/imports-first': 'off',","","    // disallow duplicate imports","    // https://github.com/benmosher/eslint-plugin-import/blob/master/docs/rules/no-duplicates.md","    'import/no-duplicates': 'error',","","    // disallow namespace imports","    // TODO: enable?","    // https://github.com/benmosher/eslint-plugin-import/blob/master/docs/rules/no-namespace.md","    'import/no-namespace': 'off',","","    // Ensure consistent use of file extension within the import path","    // https://github.com/benmosher/eslint-plugin-import/blob/master/docs/rules/extensions.md","    'import/extensions': ['error', 'always', {","      js: 'never',","      jsx: 'never',","    }],","","    // Enforce a convention in module import order","    // https://github.com/benmosher/eslint-plugin-import/blob/master/docs/rules/order.md","    // TODO: enable?","    'import/order': ['off', {","      groups: ['builtin', 'external', 'internal', 'parent', 'sibling', 'index'],","      'newlines-between': 'never',","    }],","","    // Require a newline after the last import/require in a group","    // https://github.com/benmosher/esl
[...]
avaScript Grammar","    // https://github.com/benmosher/eslint-plugin-import/blob/master/docs/rules/unambiguous.md","    // this should not be enabled until this proposal has at least been *presented* to TC39.","    // At the moment, it's not a thing.","    'import/unambiguous': 'off',","","    // Forbid Webpack loader syntax in imports","    // https://github.com/benmosher/eslint-plugin-import/blob/master/docs/rules/no-webpack-loader-syntax.md","    'import/no-webpack-loader-syntax': 'error',","","    // Prevent unassigned imports","    // https://github.com/benmosher/eslint-plugin-import/blob/master/docs/rules/no-unassigned-import.md","    // importing for side effects is perfectly acceptable, if you need side effects.","    'import/no-unassigned-import': 'off',","","    // Prevent importing the default as if it were named","    // https://github.com/benmosher/eslint-plugin-import/blob/master/docs/rules/no-named-default.md","    'import/no-named-default': 'error',","  },","};",""],"l":{"1":1}},"/home/travis/build/npmtest/node-npmtest-eslint-config-airbnb-base/node_modules/eslint-config-airbnb-base/rules/node.js":{"path":"/home/travis/build/npmtest/node-npmtest-eslint-config-airbnb-base/node_modules/eslint-config-airbnb-base/rules/node.js","s":{"1":1},"b":{},"f":{},"fnMap":{},"statementMap":{"1":{"start":{"line":1,"column":0},"end":{"line":39,"column":2}}},"branchMap":{},"code":["module.exports = {","  env: {","    node: true","  },","","  rules: {","    // enforce return after a callback","    'callback-return': 'off',","","    // require all requires be top-level","    // http://eslint.org/docs/rules/global-require","    'global-require': 'error',","","    // enforces error handling in callbacks (node environment)","    'handle-callback-err': 'off',","","    // disallow mixing regular variable and require declarations","    'no-mixed-requires': ['off', false],","","    // disallow use of new operator with the require function","    'no-new-require': 'error',","","    // disallow string concatenation with __dirname and __filename","    // http://eslint.org/docs/rules/no-path-concat","    'no-path-concat': 'error',","","    // disallow use of process.env","    'no-process-env': 'off',","","    // disallow process.exit()","    'no-process-exit': 'off',","","    // restrict usage of specified node modules","    'no-restricted-modules': 'off',","","    // disallow use of synchronous methods (off by default)","    'no-sync': 'off',","  }","};",""],"l":{"1":1}},"/home/travis/build/npmtest/node-npmtest-eslint-config-airbnb-base/node_modules/eslint-config-airbnb-base/rules/strict.js":{"path":"/home/travis/build/npmtest/node-npmtest-eslint-config-airbnb-base/node_modules/eslint-config-airbnb-base/rules/strict.js","s":{"1":1},"b":{},"f":{},"fnMap":{},"statementMap":{"1":{"start":{"line":1,"column":0},"end":{"line":6,"column":2}}},"branchMap":{},"code":["module.exports = {","  rules: {","    // babel inserts `'use strict';` for us","    strict: ['error', 'never']","  }","};",""],"l":{"1":1}},"/home/travis/build/npmtest/node-npmtest-eslint-config-airbnb-base/node_modules/eslint-config-airbnb-base/rules/style.js":{"path":"/home/travis/build/npmtest/node-npmtest-eslint-config-airbnb-base/node_modules/eslint-config-airbnb-base/rules/style.js","s":{"1":1},"b":{},"f":{},"fnMap":{},"statementMap":{"1":{"start":{"line":1,"column":0},"end":{"line":414,"column":2}}},"branchMap":{},"code":["module.exports = {","  rules: {","    // enforce spacing inside array brackets","    'array-bracket-spacing': ['error', 'never'],","","    // enforce spacing inside single-line blocks","    // http://eslint.org/docs/rules/block-spacing","    'block-spacing': ['error', 'always'],","","    // enforce one true brace style","    'brace-style': ['error', '1tbs', { allowSingleLine: true }],","","    // require camel case names","    camelcase: ['error', { properties: 'never' }],","","    // enforce or disallow capitalization of the first letter of a comment","    // http://eslint.org/docs/rules/capitalized-comments","    'capitalized-comments': ['off', 'never', {","      line: {","        ignorePattern: '.*',","        ignoreInlineComments: true,","        ignoreConsecutiveComments: true,","      },","      block: {","        ignorePattern: '.*',","        ignoreInlineComments: true,","        ignoreConsecutiveComments: true,","      },","    }],","","    // enforce spacing before and after comma","    'comma-spacing': ['error', { before: false, after: true }],","","    // enforce one true comma style","    'comma-style': ['error', 'last'],","","    // disallow padding inside computed properties","    'computed-property-spacing': ['error', 'never'],","","    // enforces consistent naming when capturing the current execution context","    'consistent-this': 'off',","","    // enforce newline at the end of file, with no multiple empty lines","    'eol-last': ['error', 'always'],","","    // enforce spacing between functions and their invocations","    // http://eslint.org/docs/rules/func-call-spacing","    'func-call-spacing': ['error', 'never'],","","    // requires function names to match the name of the variable or property to which they are","    // assigned","    // http://eslint.org/docs/rules/func-name-matching","    'func-name-matching': ['off', 'always', {","      includeCommonJSModuleExports: false","    }],","","    // require function expressions to have a name","    // http://eslint.org/docs/rules/func-names","    'func-names': 'warn',","","    // enforces use of function declarations or expressions","    // http://eslint.org/docs/rules/func-style","    // TODO: enable","    'func-style': ['off', 'expression'],","","    // Blacklist certain identifiers to prevent them being used","    // http://eslint.org/docs/rules/id-blacklist","    'id-blacklist': 'off',","","    // this option enforces minimum and maximum identifier lengths","    // (variable names, property names etc.)","    'id-length': 'off',","","    // require identifiers to match the provided regular expression","    'id-match': 'off',","","    // this option sets a specific tab width for your code","    // http://eslint.org/docs/rules/indent","    indent: ['error', 2, {","      SwitchCase: 1,","      VariableDeclarator: 1,","      outerIIFEBody: 1,","      // MemberExpression: null,","      // CallExpression: {","        // parameters: null,","      // },","      FunctionDeclaration: {","        parameters: 1,","        body: 1","      },","      FunctionExpression: {","        parameters: 1,","        body: 1","      }","    }],","","    // specify whether double or single quotes should be used in JSX attributes","    // http://eslint.org/docs/rules/jsx-quotes","    'jsx-quotes': ['off', 'prefer-double'],","","    // enforces spacing between keys and values in object literal properties","    'key-spacing': ['error', { beforeColon: false, afterColon: true }],","","    // require a space before & after certain keywords","    'keyword-spacing': ['error', {","      before: true,","      after: true,","      overrides: {","        return: { after: true },","        throw: { after: true },","        case: { after: true }","      }","    }],","","    // enforce position of line comments","    // http://eslint.org/docs/rules/line-comment-position","    // TODO: enable?","    'line-comment-position': ['off', {","      position: 'above',","      ignorePattern: '',","      applyDefaultPatterns: true,","    }],","","    // disallow mixed 'LF' and 'CRLF' as linebreaks","    // http://eslint.org/docs/rules/linebreak-style","    'linebreak-style': ['error', 'unix'],","","    // enforces empty lines around comments","    'lines-around-comment': 'off',","","    // require or disallow newlines around directives","    // http://eslint.org/docs/rules/lines-around-directive","    'lines-around-directive': ['error', {","      before: 'always',","      after: 'always',","    }],","","    // specify the maximum depth that blocks can be nested","    'max-depth': ['off', 4],","","    // specify the maximum length of a line in your program","    // http://eslint.org/docs/rules/max-len","    'max-len': ['error', 100, 2, {","      ignoreUrls: true,","      ignoreComments: false,","      ignoreRegExpLiterals: true,","      ignoreStrings: true,","      ignoreTemplateLiterals: true,","    }],","","    // specify the max number of lines in a file","    // http://eslint.org/docs/rules/max-lines","    'max-lines': ['off', {","      max: 300,","      skipBlankLines: true,","      skipComments: true","    }],","","    // specify the maximum depth callbacks can be nested","    'max-nested-callbacks': 'off',","","    // limits the number of parameters that can be used in the function declaration.","    'max-params': ['off', 3],","","    // specify the maximum number of statement allowed in a function","    'max-statements': ['off', 10],","","    // restrict the number of statements per line","    // http://eslint.org/docs/rules/max-statements-per-line","    'max-statements-per-line': ['off', { max: 1 }],","","    // require multiline ternary","    // http://eslint.org/docs/rules/multiline-ternary","    // TODO: enable?","    'multiline-ternary': ['off', 'never'],","","    // require a capital letter for constructors","    'new-cap': ['error', {","      newIsCap: true,","      newIsCapExceptions: [],","      capIsNew: false,","      capIsNewExceptions: ['Immutable.Map', 'Immutable.Set', 'Immutable.List'],","    }],","","    // disallow the omission of parentheses when invoking a constructor with no arguments","    // http://eslint.org/docs/rules/new-parens","    'new-parens': 'error',","","    // allow/disallow an empty newline after var statement","    'newline-after-var': 'off',","","    // http://eslint.org/docs/rules/newline-before-return","    'newline-before-return': 'off',","","    // enforces new line after each method call in the chain to make it","    // more readable and easy to maintain","    // http://eslint.org/docs/rules/newline-per-chained-call","    'newline-per-chained-call': ['error', { ignoreChainWithDepth: 4 }],","","    // disallow use of the Array constructor","    'no-array-constructor': 'error',","","    // disallow use of bitwise operators","    // http://eslint.org/docs/rules/no-bitwise","    'no-bitwise': 'error',","","    // disallow use of the continue statement","    // http://eslint.org/docs/rules/no-continue","    'no-continue': 'error',","","    // disallow comments inline after code","    'no-inline-comments': 'off',","","    // disallow if as the only statement in an else block","    // http://eslint.org/docs/rules/no-lonely-if","    'no-lonely-if': 'error',","","    // disallow un-paren'd mixes of different operators","    // http://eslint.org/docs/rules/no-mixed-operators","    'no-mixed-operators': ['error', {","      groups: [","        ['+', '-', '*', '/', '%', '**'],","        ['&', '|', '^', '~', '<<', '>>', '>>>'],","        ['==', '!=', '===', '!==', '>', '>=', '<', '<='],","        ['&&', '||'],","        ['in', 'instanceof']","      ],","      allowSamePrecedence: false","    }],","","    // disallow mixed spaces and tabs for indentation","    'no-mixed-spaces-and-tabs': 'error',","","    // disallow use of chained assignment expressions","    // http://eslint.org/docs/rules/no-multi-assign","    'no-multi-assign': ['error'],","","    // disallow multiple empty lines and only one newline at the end","    'no-multiple-empty-lines': ['error', { max: 2, maxEOF: 1 }],","","    // disallow negated conditions","    // http://eslint.org/docs/rules/no-negated-condition","    'no-negated-condition': 'off',","","    // disallow nested ternary expressions","    'no-nested-ternary': 'error',","","    // disallow use of the Object constructor","    'no-new-object': 'error',","","    // disallow use of unary operators, ++ and --","    // http://eslint.org/docs/rules/no-plusplus","    'no-plusplus': 'error',","","    // disallow certain syntax forms","    // http://eslint.org/docs/rules/no-restricted-syntax","    'no-restricted-syntax': [","      'error',","      {","        selector: 'ForInStatement',","        message: 'for..in loops iterate over the entire prototype chain, which is virtually never what you want. Use Object.{keys,values,entries}, and iterate over the resulting array.',","      },","      {","        selector: 'ForOfStatement',","        message: 'iterators/generators require regenerator-runtime, which is too heavyweight for this guide to allow them. Separately, loops should be avoided in favor of array iterations.',","      },","      {","        selector: 'LabeledStatement',","        message: 'Labels are a form of GOTO; using them makes code confusing and hard to maintain and understand.',","      },","      {","        selector: 'WithStatement',","        message: '`with` is disallowed in strict mode because it makes code impossible to predict and optimize.',","      },","    ],","","    // disallow space between function identifier and application","    'no-spaced-func': 'error',","","    // disallow tab characters entirely","    'no-tabs': 'error',","","    // disallow the use of ternary operators","    'no-ternary': 'off',","","    // disallow trailing whitespace at the end of lines","    'no-trailing-spaces': 'error',","","    // disallow dangling underscores in identifiers","    'no-underscore-dangle': ['error', { allowAfterThis: false }],","","    // disallow the use of Boolean literals in conditional expressions","    // also, prefer `a || b` over `a ? a : b`","    // http://eslint.org/docs/rules/no-unneeded-ternary","    'no-unneeded-ternary': ['error', { defaultAssignment: false }],","","    // disallow whitespace before properties","    // http://eslint.org/docs/rules/no-whitespace-before-property","    'no-whitespace-before-property': 'error',","","    // enforce the location of single-line statements","    // http://eslint.org/docs/rules/nonblock-statement-body-position","    'nonblock-statement-body-position': 'off',","","    // require padding inside curly braces","    'object-curly-spacing': ['error', 'always'],","","    // enforce line breaks between braces","    // http://eslint.org/docs/rules/object-curly-newline","    // TODO: enable once https://github.com/eslint/eslint/issues/6488 is resolved","    'object-curly-newline': ['off', {","      ObjectExpression: { minProperties: 0, multiline: true },","      ObjectPattern: { minProperties: 0, multiline: true }","    }],","","    // enforce \"same line\" or \"multiple line\" on object properties.","    // http://eslint.org/docs/rules/object-property-newline","    'object-property-newline': ['error', {","      allowMultiplePropertiesPerLine: true,","    }],","","    // allow just one var statement per function","    'one-var': ['error', 'never'],","","    // require a newline around variable declaration","    // http://eslint.org/docs/rules/one-var-declaration-per-line","    'one-var-declaration-per-line': ['error', 'always'],","","    // require assignment operator shorthand where possible or prohibit it entirely","    // http://eslint.org/docs/rules/operator-assignment","    'operator-assignment': ['error', 'always'],","","    // enforce operators to be placed before or after line breaks","    'operator-linebreak': 'off',","","    // enforce padding within blocks","    'padded-blocks': ['error', 'never'],","","    // require quotes around object literal property names","    // http://eslint.org/docs/rules/quote-props.html","    'quote-props': ['error', 'as-needed', { keywords: false, unnecessary: true, numbers: false }],","","    // specify whether double or single quotes should be used","    quotes: ['error', 'single', { avoidEscape: true }],","","    // do not require jsdoc","    // http://eslint.org/docs/rules/require-jsdoc","    'require-jsdoc': 'off',","","    // require or disallow use of semicolons instead of ASI","    semi: ['error', 'always'],","","    // enforce spacing before and after semicolons","    'semi-spacing': ['error', { before: false, after: true }],","","    // requires object keys to be sorted","    'sort-keys': ['off', 'asc', { caseSensitive: false, natural: true }],","","    // sort variables within the same declaration block","    'sort-vars': 'off',","","    // require or disallow space before blocks","    'space-before-blocks': 'error',","","    // require or disallow space before function opening parenthesis","    // http://eslint.org/docs/rules/space-before-function-paren","    'space-before-function-paren': ['error', {","      anonymous: 'always',","      named: 'never',","      asyncArrow: 'always'","    }],","","    // require or disallow spaces inside parentheses","    'space-in-parens': ['error', 'never'],","","    // require spaces around operators","    'space-infix-ops': 'error',","","    // Require or disallow spaces before/after unary operators","    // http://eslint.org/docs/rules/space-unary-ops","    'space-unary-ops': ['error', {","      words: true,","      nonwords: false,","      overrides: {","      },","    }],","","    // require or disallow a space immediately following the // or /* in a comment","    // http://eslint.org/docs/rules/spaced-comment","    'spaced-comment': ['error', 'always', {","      line: {","        exceptions: ['-', '+'],","        markers: ['=', '!'], // space here to support sprockets directives","      },","      block: {","        exceptions: ['-', '+'],","        markers: ['=', '!'], // space here to support sprockets directives","        balanced: false,","      }","    }],","","    // Require or disallow spacing between template tags and their literals","    // http://eslint.org/docs/rules/template-tag-spacing","    // TODO: enable, semver-major","    'template-tag-spacing': ['off', 'never'],","","    // require or disallow the Unicode Byte Order Mark","    // http://eslint.org/docs/rules/unicode-bom","    'unicode-bom': ['error', 'never'],","","    // require regex literals to be wrapped in parentheses","    'wrap-regex': 'off'","  }","};",""],"l":{"1":1}},"/home/travis/build/npmtest/node-npmtest-eslint-config-airbnb-base/node_modules/eslint-config-airbnb-base/rules/variables.js":{"path":"/home/travis/build/npmtest/node-npmtest-eslint-config-airbnb-base/node_modules/eslint-config-airbnb-base/rules/variables.js","s":{"1":1},"b":{},"f":{},"fnMap":{},"statementMap":{"1":{"start":{"line":1,"column":0},"end":{"line":42,"column":2}}},"branchMap":{},"code":["module.exports = {","  rules: {","    // enforce or disallow variable initializations at definition","    'init-declarations': 'off',","","    // disallow the catch clause parameter name being the same as a variable in the outer scope","    'no-catch-shadow': 'off',","","    // disallow deletion of variables","    'no-delete-var': 'error',","","    // disallow labels that share a name with a variable","    // http://eslint.org/docs/rules/no-label-var","    'no-label-var': 'error',","","    // disallow specific globals","    'no-restricted-globals': 'off',","","    // disallow declaration of variables already declared in the outer scope","    'no-shadow': 'error',","","    // disallow shadowing of names such as arguments","    'no-shadow-restricted-names': 'error',","","    // disallow use of undeclared variables unless mentioned in a /*global */ block","    'no-undef': 'error',","","    // disallow use of undefined when initializing variables","    'no-undef-init': 'error',","","    // disallow use of undefined variable","    // http://eslint.org/docs/rules/no-undefined","    // TODO: enable?","    'no-undefined': 'off',","","    // disallow declaration of variables that are not used in the code","    'no-unused-vars': ['error', { vars: 'local', args: 'after-used', ignoreRestSiblings: true }],","","    // disallow use of variables before they are defined","    'no-use-before-define': ['error', { functions: true, classes: true, variables: true }],","  }","};",""],"l":{"1":1}}}